// String patches

// #define IDS_MAIN_PREVIEWSHELP           400
// #define IDS_MAIN_CUSTOMHELP             530
// #define IDS_MAIN_RETURNHELP             188
// #define IDS_MAIN_NEWGAMEHELP            189
// #define IDS_MAIN_TRAININGHELP           190
// #define IDS_MAIN_LOADHELP               191
// #define IDS_MAIN_LOADSAVEHELP           192
// #define IDS_MAIN_CONFIGUREHELP          193
// #define IDS_MAIN_READMEHELP             194
// #define IDS_MAIN_ORDERHELP              195
// #define IDS_MAIN_QUITHELP               196
// #define IDS_MAIN_QUICKHELP              197
// #define IDS_MAIN_MULTIPLAYERHELP        198
// #define IDS_MAIN_QUITPROMPTINGAME       235
// #define IDS_MAIN_QUITPROMPT             236

530 "This takes you to alternate realities."
188 "Back to the current mission."
189 "Begin a new mission, agent."
190 "Visit the Angel mountains training facility on the Nephilim homeworld."
191 "Use the Nephilim Time Transformer to return to an earlier mission."
192 "Load/Save your state with the Nephilim Time Transformer."
193 "Modify the laws of physics here, agent."
196 "Quitters never win, and winners never quit."
198 "Scientist Slaughterhouse does NOT have multiplayer!"
235 "Terminate battle control? This will end the current mission."
236 "Terminate battle control?"
